<?xml version="1.0" encoding="UTF-8"?>
<!-- Generated by org.testng.reporters.JUnitReportReporter -->
<testsuite skipped="0" hostname="LAPTOP-AR6HAPIH" name="sampleTests.MathTests" tests="2" failures="0" timestamp="2022-06-15T15:54:13 IST" time="0.004" errors="0">
  <testcase name="multiply" time="0.000" classname="sampleTests.MathTests"/>
  <testcase name="SumTest" time="0.004" classname="sampleTests.MathTests"/>
</testsuite> <!-- sampleTests.MathTests -->
